Analysis & Synthesis report for ulav2
Thu Jul 13 21:18:28 2023
Quartus Prime Version 20.1.0 Build 711 06/05/2020 SJ Lite Edition


---------------------
; Table of Contents ;
---------------------
  1. Legal Notice
  2. Analysis & Synthesis Summary
  3. Analysis & Synthesis Settings
  4. Parallel Compilation
  5. Analysis & Synthesis Source Files Read
  6. Analysis & Synthesis Resource Usage Summary
  7. Analysis & Synthesis Resource Utilization by Entity
  8. General Register Statistics
  9. Multiplexer Restructuring Statistics (Restructuring Performed)
 10. Port Connectivity Checks: "mux2_1:chave1"
 11. Post-Synthesis Netlist Statistics for Top Partition
 12. Elapsed Time Per Partition
 13. Analysis & Synthesis Messages



----------------
; Legal Notice ;
----------------
Copyright (C) 2020  Intel Corporation. All rights reserved.
Your use of Intel Corporation's design tools, logic functions 
and other software and tools, and any partner logic 
functions, and any output files from any of the foregoing 
(including device programming or simulation files), and any 
associated documentation or information are expressly subject 
to the terms and conditions of the Intel Program License 
Subscription Agreement, the Intel Quartus Prime License Agreement,
the Intel FPGA IP License Agreement, or other applicable license
agreement, including, without limitation, that your use is for
the sole purpose of programming logic devices manufactured by
Intel and sold by Intel or its authorized distributors.  Please
refer to the applicable agreement for further details, at
https://fpgasoftware.intel.com/eula.



+----------------------------------------------------------------------------------+
; Analysis & Synthesis Summary                                                     ;
+------------------------------------+---------------------------------------------+
; Analysis & Synthesis Status        ; Successful - Thu Jul 13 21:18:28 2023       ;
; Quartus Prime Version              ; 20.1.0 Build 711 06/05/2020 SJ Lite Edition ;
; Revision Name                      ; ulav2                                       ;
; Top-level Entity Name              ; ULAV2                                       ;
; Family                             ; Cyclone IV E                                ;
; Total logic elements               ; 62                                          ;
;     Total combinational functions  ; 62                                          ;
;     Dedicated logic registers      ; 4                                           ;
; Total registers                    ; 4                                           ;
; Total pins                         ; 38                                          ;
; Total virtual pins                 ; 0                                           ;
; Total memory bits                  ; 0                                           ;
; Embedded Multiplier 9-bit elements ; 0                                           ;
; Total PLLs                         ; 0                                           ;
+------------------------------------+---------------------------------------------+


+------------------------------------------------------------------------------------------------------------+
; Analysis & Synthesis Settings                                                                              ;
+------------------------------------------------------------------+--------------------+--------------------+
; Option                                                           ; Setting            ; Default Value      ;
+------------------------------------------------------------------+--------------------+--------------------+
; Device                                                           ; EP4CE115F29C7      ;                    ;
; Top-level entity name                                            ; ulav2              ; ulav2              ;
; Family name                                                      ; Cyclone IV E       ; Cyclone V          ;
; Use smart compilation                                            ; Off                ; Off                ;
; Enable parallel Assembler and Timing Analyzer during compilation ; On                 ; On                 ;
; Enable compact report table                                      ; Off                ; Off                ;
; Restructure Multiplexers                                         ; Auto               ; Auto               ;
; Create Debugging Nodes for IP Cores                              ; Off                ; Off                ;
; Preserve fewer node names                                        ; On                 ; On                 ;
; Intel FPGA IP Evaluation Mode                                    ; Enable             ; Enable             ;
; Verilog Version                                                  ; Verilog_2001       ; Verilog_2001       ;
; VHDL Version                                                     ; VHDL_1993          ; VHDL_1993          ;
; State Machine Processing                                         ; Auto               ; Auto               ;
; Safe State Machine                                               ; Off                ; Off                ;
; Extract Verilog State Machines                                   ; On                 ; On                 ;
; Extract VHDL State Machines                                      ; On                 ; On                 ;
; Ignore Verilog initial constructs                                ; Off                ; Off                ;
; Iteration limit for constant Verilog loops                       ; 5000               ; 5000               ;
; Iteration limit for non-constant Verilog loops                   ; 250                ; 250                ;
; Add Pass-Through Logic to Inferred RAMs                          ; On                 ; On                 ;
; Infer RAMs from Raw Logic                                        ; On                 ; On                 ;
; Parallel Synthesis                                               ; On                 ; On                 ;
; DSP Block Balancing                                              ; Auto               ; Auto               ;
; NOT Gate Push-Back                                               ; On                 ; On                 ;
; Power-Up Don't Care                                              ; On                 ; On                 ;
; Remove Redundant Logic Cells                                     ; Off                ; Off                ;
; Remove Duplicate Registers                                       ; On                 ; On                 ;
; Ignore CARRY Buffers                                             ; Off                ; Off                ;
; Ignore CASCADE Buffers                                           ; Off                ; Off                ;
; Ignore GLOBAL Buffers                                            ; Off                ; Off                ;
; Ignore ROW GLOBAL Buffers                                        ; Off                ; Off                ;
; Ignore LCELL Buffers                                             ; Off                ; Off                ;
; Ignore SOFT Buffers                                              ; On                 ; On                 ;
; Limit AHDL Integers to 32 Bits                                   ; Off                ; Off                ;
; Optimization Technique                                           ; Balanced           ; Balanced           ;
; Carry Chain Length                                               ; 70                 ; 70                 ;
; Auto Carry Chains                                                ; On                 ; On                 ;
; Auto Open-Drain Pins                                             ; On                 ; On                 ;
; Perform WYSIWYG Primitive Resynthesis                            ; Off                ; Off                ;
; Auto ROM Replacement                                             ; On                 ; On                 ;
; Auto RAM Replacement                                             ; On                 ; On                 ;
; Auto DSP Block Replacement                                       ; On                 ; On                 ;
; Auto Shift Register Replacement                                  ; Auto               ; Auto               ;
; Allow Shift Register Merging across Hierarchies                  ; Auto               ; Auto               ;
; Auto Clock Enable Replacement                                    ; On                 ; On                 ;
; Strict RAM Replacement                                           ; Off                ; Off                ;
; Allow Synchronous Control Signals                                ; On                 ; On                 ;
; Force Use of Synchronous Clear Signals                           ; Off                ; Off                ;
; Auto RAM Block Balancing                                         ; On                 ; On                 ;
; Auto RAM to Logic Cell Conversion                                ; Off                ; Off                ;
; Auto Resource Sharing                                            ; Off                ; Off                ;
; Allow Any RAM Size For Recognition                               ; Off                ; Off                ;
; Allow Any ROM Size For Recognition                               ; Off                ; Off                ;
; Allow Any Shift Register Size For Recognition                    ; Off                ; Off                ;
; Use LogicLock Constraints during Resource Balancing              ; On                 ; On                 ;
; Ignore translate_off and synthesis_off directives                ; Off                ; Off                ;
; Timing-Driven Synthesis                                          ; On                 ; On                 ;
; Report Parameter Settings                                        ; On                 ; On                 ;
; Report Source Assignments                                        ; On                 ; On                 ;
; Report Connectivity Checks                                       ; On                 ; On                 ;
; Ignore Maximum Fan-Out Assignments                               ; Off                ; Off                ;
; Synchronization Register Chain Length                            ; 2                  ; 2                  ;
; Power Optimization During Synthesis                              ; Normal compilation ; Normal compilation ;
; HDL message level                                                ; Level2             ; Level2             ;
; Suppress Register Optimization Related Messages                  ; Off                ; Off                ;
; Number of Removed Registers Reported in Synthesis Report         ; 5000               ; 5000               ;
; Number of Swept Nodes Reported in Synthesis Report               ; 5000               ; 5000               ;
; Number of Inverted Registers Reported in Synthesis Report        ; 100                ; 100                ;
; Clock MUX Protection                                             ; On                 ; On                 ;
; Auto Gated Clock Conversion                                      ; Off                ; Off                ;
; Block Design Naming                                              ; Auto               ; Auto               ;
; SDC constraint protection                                        ; Off                ; Off                ;
; Synthesis Effort                                                 ; Auto               ; Auto               ;
; Shift Register Replacement - Allow Asynchronous Clear Signal     ; On                 ; On                 ;
; Pre-Mapping Resynthesis Optimization                             ; Off                ; Off                ;
; Analysis & Synthesis Message Level                               ; Medium             ; Medium             ;
; Disable Register Merging Across Hierarchies                      ; Auto               ; Auto               ;
; Resource Aware Inference For Block RAM                           ; On                 ; On                 ;
+------------------------------------------------------------------+--------------------+--------------------+


+------------------------------------------+
; Parallel Compilation                     ;
+----------------------------+-------------+
; Processors                 ; Number      ;
+----------------------------+-------------+
; Number detected on machine ; 16          ;
; Maximum allowed            ; 12          ;
;                            ;             ;
; Average used               ; 1.00        ;
; Maximum used               ; 12          ;
;                            ;             ;
; Usage by Processor         ; % Time Used ;
;     Processor 1            ; 100.0%      ;
;     Processors 2-12        ;   0.0%      ;
+----------------------------+-------------+


+---------------------------------------------------------------------------------------------------------------------------------------------+
; Analysis & Synthesis Source Files Read                                                                                                      ;
+----------------------------------+-----------------+-----------------+------------------------------------------------------------+---------+
; File Name with User-Entered Path ; Used in Netlist ; File Type       ; File Name with Absolute Path                               ; Library ;
+----------------------------------+-----------------+-----------------+------------------------------------------------------------+---------+
; decoder.vhd                      ; yes             ; User VHDL File  ; C:/Users/mferd/OneDrive/Documentos/UFRJ/ULAV5/decoder.vhd  ;         ;
; sum4bits.vhd                     ; yes             ; User VHDL File  ; C:/Users/mferd/OneDrive/Documentos/UFRJ/ULAV5/sum4bits.vhd ;         ;
; mux4_1.vhd                       ; yes             ; User VHDL File  ; C:/Users/mferd/OneDrive/Documentos/UFRJ/ULAV5/mux4_1.vhd   ;         ;
; mux2_1.vhd                       ; yes             ; User VHDL File  ; C:/Users/mferd/OneDrive/Documentos/UFRJ/ULAV5/mux2_1.vhd   ;         ;
; flags.vhd                        ; yes             ; User VHDL File  ; C:/Users/mferd/OneDrive/Documentos/UFRJ/ULAV5/flags.vhd    ;         ;
; controle.vhd                     ; yes             ; User VHDL File  ; C:/Users/mferd/OneDrive/Documentos/UFRJ/ULAV5/controle.vhd ;         ;
; comp.vhd                         ; yes             ; User VHDL File  ; C:/Users/mferd/OneDrive/Documentos/UFRJ/ULAV5/comp.vhd     ;         ;
; clor.vhd                         ; yes             ; User VHDL File  ; C:/Users/mferd/OneDrive/Documentos/UFRJ/ULAV5/clor.vhd     ;         ;
; clmag.vhd                        ; yes             ; User VHDL File  ; C:/Users/mferd/OneDrive/Documentos/UFRJ/ULAV5/clmag.vhd    ;         ;
; cland.vhd                        ; yes             ; User VHDL File  ; C:/Users/mferd/OneDrive/Documentos/UFRJ/ULAV5/cland.vhd    ;         ;
; ulav2.vhd                        ; yes             ; User VHDL File  ; C:/Users/mferd/OneDrive/Documentos/UFRJ/ULAV5/ulav2.vhd    ;         ;
; contador.vhd                     ; yes             ; User VHDL File  ; C:/Users/mferd/OneDrive/Documentos/UFRJ/ULAV5/contador.vhd ;         ;
+----------------------------------+-----------------+-----------------+------------------------------------------------------------+---------+


+------------------------------------------------------------------------+
; Analysis & Synthesis Resource Usage Summary                            ;
+---------------------------------------------+--------------------------+
; Resource                                    ; Usage                    ;
+---------------------------------------------+--------------------------+
; Estimated Total logic elements              ; 62                       ;
;                                             ;                          ;
; Total combinational functions               ; 62                       ;
; Logic element usage by number of LUT inputs ;                          ;
;     -- 4 input functions                    ; 51                       ;
;     -- 3 input functions                    ; 6                        ;
;     -- <=2 input functions                  ; 5                        ;
;                                             ;                          ;
; Logic elements by mode                      ;                          ;
;     -- normal mode                          ; 62                       ;
;     -- arithmetic mode                      ; 0                        ;
;                                             ;                          ;
; Total registers                             ; 4                        ;
;     -- Dedicated logic registers            ; 4                        ;
;     -- I/O registers                        ; 0                        ;
;                                             ;                          ;
; I/O pins                                    ; 38                       ;
;                                             ;                          ;
; Embedded Multiplier 9-bit elements          ; 0                        ;
;                                             ;                          ;
; Maximum fan-out node                        ; contador:conta|q_temp[0] ;
; Maximum fan-out                             ; 16                       ;
; Total fan-out                               ; 310                      ;
; Average fan-out                             ; 2.18                     ;
+---------------------------------------------+--------------------------+


+--------------------------------------------------------------------------------------------------------------------------------------------------------------------------------------------------------------+
; Analysis & Synthesis Resource Utilization by Entity                                                                                                                                                          ;
+----------------------------+---------------------+---------------------------+-------------+--------------+---------+-----------+------+--------------+-------------------------+-------------+--------------+
; Compilation Hierarchy Node ; Combinational ALUTs ; Dedicated Logic Registers ; Memory Bits ; DSP Elements ; DSP 9x9 ; DSP 18x18 ; Pins ; Virtual Pins ; Full Hierarchy Name     ; Entity Name ; Library Name ;
+----------------------------+---------------------+---------------------------+-------------+--------------+---------+-----------+------+--------------+-------------------------+-------------+--------------+
; |ULAV2                     ; 62 (0)              ; 4 (0)                     ; 0           ; 0            ; 0       ; 0         ; 38   ; 0            ; |ULAV2                  ; ULAV2       ; work         ;
;    |clmag:cmag|            ; 6 (6)               ; 0 (0)                     ; 0           ; 0            ; 0       ; 0         ; 0    ; 0            ; |ULAV2|clmag:cmag       ; clmag       ; work         ;
;    |contador:conta|        ; 4 (4)               ; 4 (4)                     ; 0           ; 0            ; 0       ; 0         ; 0    ; 0            ; |ULAV2|contador:conta   ; contador    ; work         ;
;    |controle:control|      ; 2 (2)               ; 0 (0)                     ; 0           ; 0            ; 0       ; 0         ; 0    ; 0            ; |ULAV2|controle:control ; controle    ; work         ;
;    |decoder:saidaD|        ; 7 (7)               ; 0 (0)                     ; 0           ; 0            ; 0       ; 0         ; 0    ; 0            ; |ULAV2|decoder:saidaD   ; decoder     ; work         ;
;    |decoder:saidaX|        ; 7 (7)               ; 0 (0)                     ; 0           ; 0            ; 0       ; 0         ; 0    ; 0            ; |ULAV2|decoder:saidaX   ; decoder     ; work         ;
;    |decoder:saidaY|        ; 7 (7)               ; 0 (0)                     ; 0           ; 0            ; 0       ; 0         ; 0    ; 0            ; |ULAV2|decoder:saidaY   ; decoder     ; work         ;
;    |flags:flag|            ; 2 (2)               ; 0 (0)                     ; 0           ; 0            ; 0       ; 0         ; 0    ; 0            ; |ULAV2|flags:flag       ; flags       ; work         ;
;    |mux2_1:chave1|         ; 4 (4)               ; 0 (0)                     ; 0           ; 0            ; 0       ; 0         ; 0    ; 0            ; |ULAV2|mux2_1:chave1    ; mux2_1      ; work         ;
;    |mux4_1:chave2|         ; 15 (15)             ; 0 (0)                     ; 0           ; 0            ; 0       ; 0         ; 0    ; 0            ; |ULAV2|mux4_1:chave2    ; mux4_1      ; work         ;
;    |sum4bits:somador|      ; 8 (8)               ; 0 (0)                     ; 0           ; 0            ; 0       ; 0         ; 0    ; 0            ; |ULAV2|sum4bits:somador ; sum4bits    ; work         ;
+----------------------------+---------------------+---------------------------+-------------+--------------+---------+-----------+------+--------------+-------------------------+-------------+--------------+
Note: For table entries with two numbers listed, the numbers in parentheses indicate the number of resources of the given type used by the specific entity alone. The numbers listed outside of parentheses indicate the total resources of the given type used by the specific entity and all of its sub-entities in the hierarchy.


+------------------------------------------------------+
; General Register Statistics                          ;
+----------------------------------------------+-------+
; Statistic                                    ; Value ;
+----------------------------------------------+-------+
; Total registers                              ; 4     ;
; Number of registers using Synchronous Clear  ; 0     ;
; Number of registers using Synchronous Load   ; 0     ;
; Number of registers using Asynchronous Clear ; 4     ;
; Number of registers using Asynchronous Load  ; 0     ;
; Number of registers using Clock Enable       ; 0     ;
; Number of registers using Preset             ; 0     ;
+----------------------------------------------+-------+


+------------------------------------------------------------------------------------------------------------------------------------------+
; Multiplexer Restructuring Statistics (Restructuring Performed)                                                                           ;
+--------------------+-----------+---------------+----------------------+------------------------+------------+----------------------------+
; Multiplexer Inputs ; Bus Width ; Baseline Area ; Area if Restructured ; Saving if Restructured ; Registered ; Example Multiplexer Output ;
+--------------------+-----------+---------------+----------------------+------------------------+------------+----------------------------+
; 4:1                ; 3 bits    ; 6 LEs         ; 6 LEs                ; 0 LEs                  ; No         ; |ULAV2|mux4_1:chave2|S[0]  ;
+--------------------+-----------+---------------+----------------------+------------------------+------------+----------------------------+


+-------------------------------------------+
; Port Connectivity Checks: "mux2_1:chave1" ;
+------+-------+----------+-----------------+
; Port ; Type  ; Severity ; Details         ;
+------+-------+----------+-----------------+
; b    ; Input ; Info     ; Stuck at GND    ;
+------+-------+----------+-----------------+


+-----------------------------------------------------+
; Post-Synthesis Netlist Statistics for Top Partition ;
+-----------------------+-----------------------------+
; Type                  ; Count                       ;
+-----------------------+-----------------------------+
; boundary_port         ; 38                          ;
; cycloneiii_ff         ; 4                           ;
;     CLR               ; 4                           ;
; cycloneiii_lcell_comb ; 66                          ;
;     normal            ; 66                          ;
;         1 data inputs ; 5                           ;
;         2 data inputs ; 4                           ;
;         3 data inputs ; 6                           ;
;         4 data inputs ; 51                          ;
;                       ;                             ;
; Max LUT depth         ; 8.00                        ;
; Average LUT depth     ; 5.22                        ;
+-----------------------+-----------------------------+


+-------------------------------+
; Elapsed Time Per Partition    ;
+----------------+--------------+
; Partition Name ; Elapsed Time ;
+----------------+--------------+
; Top            ; 00:00:00     ;
+----------------+--------------+


+-------------------------------+
; Analysis & Synthesis Messages ;
+-------------------------------+
Info: *******************************************************************
Info: Running Quartus Prime Analysis & Synthesis
    Info: Version 20.1.0 Build 711 06/05/2020 SJ Lite Edition
    Info: Processing started: Thu Jul 13 21:18:18 2023
Info: Command: quartus_map --read_settings_files=on --write_settings_files=off ulav2 -c ulav2
Warning (18236): Number of processors has not been specified which may cause overloading on shared machines.  Set the global assignment NUM_PARALLEL_PROCESSORS in your QSF to an appropriate value for best performance.
Info (20030): Parallel compilation is enabled and will use 12 of the 12 processors detected
Info (12021): Found 2 design units, including 1 entities, in source file decoder.vhd
    Info (12022): Found design unit 1: decoder-dec7 File: C:/Users/mferd/OneDrive/Documentos/UFRJ/ULAV5/decoder.vhd Line: 10
    Info (12023): Found entity 1: decoder File: C:/Users/mferd/OneDrive/Documentos/UFRJ/ULAV5/decoder.vhd Line: 4
Info (12021): Found 2 design units, including 1 entities, in source file sum4bits.vhd
    Info (12022): Found design unit 1: sum4bits-somador File: C:/Users/mferd/OneDrive/Documentos/UFRJ/ULAV5/sum4bits.vhd Line: 16
    Info (12023): Found entity 1: sum4bits File: C:/Users/mferd/OneDrive/Documentos/UFRJ/ULAV5/sum4bits.vhd Line: 4
Info (12021): Found 2 design units, including 1 entities, in source file mux4_1.vhd
    Info (12022): Found design unit 1: mux4_1-mux441 File: C:/Users/mferd/OneDrive/Documentos/UFRJ/ULAV5/mux4_1.vhd Line: 13
    Info (12023): Found entity 1: mux4_1 File: C:/Users/mferd/OneDrive/Documentos/UFRJ/ULAV5/mux4_1.vhd Line: 4
Info (12021): Found 2 design units, including 1 entities, in source file mux2_1.vhd
    Info (12022): Found design unit 1: mux2_1-mux421 File: C:/Users/mferd/OneDrive/Documentos/UFRJ/ULAV5/mux2_1.vhd Line: 11
    Info (12023): Found entity 1: mux2_1 File: C:/Users/mferd/OneDrive/Documentos/UFRJ/ULAV5/mux2_1.vhd Line: 4
Info (12021): Found 2 design units, including 1 entities, in source file flags.vhd
    Info (12022): Found design unit 1: flags-sinalizador File: C:/Users/mferd/OneDrive/Documentos/UFRJ/ULAV5/flags.vhd Line: 12
    Info (12023): Found entity 1: flags File: C:/Users/mferd/OneDrive/Documentos/UFRJ/ULAV5/flags.vhd Line: 4
Info (12021): Found 2 design units, including 1 entities, in source file controle.vhd
    Info (12022): Found design unit 1: controle-unidadecontrole File: C:/Users/mferd/OneDrive/Documentos/UFRJ/ULAV5/controle.vhd Line: 10
    Info (12023): Found entity 1: controle File: C:/Users/mferd/OneDrive/Documentos/UFRJ/ULAV5/controle.vhd Line: 5
Info (12021): Found 2 design units, including 1 entities, in source file comp.vhd
    Info (12022): Found design unit 1: comp-clcomp File: C:/Users/mferd/OneDrive/Documentos/UFRJ/ULAV5/comp.vhd Line: 13
    Info (12023): Found entity 1: comp File: C:/Users/mferd/OneDrive/Documentos/UFRJ/ULAV5/comp.vhd Line: 4
Info (12021): Found 2 design units, including 1 entities, in source file clor.vhd
    Info (12022): Found design unit 1: clor-orbit File: C:/Users/mferd/OneDrive/Documentos/UFRJ/ULAV5/clor.vhd Line: 11
    Info (12023): Found entity 1: clor File: C:/Users/mferd/OneDrive/Documentos/UFRJ/ULAV5/clor.vhd Line: 4
Info (12021): Found 2 design units, including 1 entities, in source file clmag.vhd
    Info (12022): Found design unit 1: clmag-compmag File: C:/Users/mferd/OneDrive/Documentos/UFRJ/ULAV5/clmag.vhd Line: 11
    Info (12023): Found entity 1: clmag File: C:/Users/mferd/OneDrive/Documentos/UFRJ/ULAV5/clmag.vhd Line: 4
Info (12021): Found 2 design units, including 1 entities, in source file cland.vhd
    Info (12022): Found design unit 1: cland-andbit File: C:/Users/mferd/OneDrive/Documentos/UFRJ/ULAV5/cland.vhd Line: 11
    Info (12023): Found entity 1: cland File: C:/Users/mferd/OneDrive/Documentos/UFRJ/ULAV5/cland.vhd Line: 4
Info (12021): Found 2 design units, including 1 entities, in source file ulav2.vhd
    Info (12022): Found design unit 1: ULAV2-ULA_SD File: C:/Users/mferd/OneDrive/Documentos/UFRJ/ULAV5/ulav2.vhd Line: 20
    Info (12023): Found entity 1: ULAV2 File: C:/Users/mferd/OneDrive/Documentos/UFRJ/ULAV5/ulav2.vhd Line: 4
Info (12021): Found 1 design units, including 1 entities, in source file esqula.bdf
    Info (12023): Found entity 1: esqula
Info (12021): Found 2 design units, including 1 entities, in source file contador.vhd
    Info (12022): Found design unit 1: contador-rtl File: C:/Users/mferd/OneDrive/Documentos/UFRJ/ULAV5/contador.vhd Line: 13
    Info (12023): Found entity 1: contador File: C:/Users/mferd/OneDrive/Documentos/UFRJ/ULAV5/contador.vhd Line: 5
Info (12127): Elaborating entity "ulav2" for the top level hierarchy
Info (12128): Elaborating entity "controle" for hierarchy "controle:control" File: C:/Users/mferd/OneDrive/Documentos/UFRJ/ULAV5/ulav2.vhd Line: 173
Info (12128): Elaborating entity "comp" for hierarchy "comp:comp1" File: C:/Users/mferd/OneDrive/Documentos/UFRJ/ULAV5/ulav2.vhd Line: 177
Info (12128): Elaborating entity "mux2_1" for hierarchy "mux2_1:chave1" File: C:/Users/mferd/OneDrive/Documentos/UFRJ/ULAV5/ulav2.vhd Line: 185
Info (12128): Elaborating entity "sum4bits" for hierarchy "sum4bits:somador" File: C:/Users/mferd/OneDrive/Documentos/UFRJ/ULAV5/ulav2.vhd Line: 189
Info (12128): Elaborating entity "cland" for hierarchy "cland:cand" File: C:/Users/mferd/OneDrive/Documentos/UFRJ/ULAV5/ulav2.vhd Line: 192
Info (12128): Elaborating entity "clor" for hierarchy "clor:cor" File: C:/Users/mferd/OneDrive/Documentos/UFRJ/ULAV5/ulav2.vhd Line: 195
Info (12128): Elaborating entity "clmag" for hierarchy "clmag:cmag" File: C:/Users/mferd/OneDrive/Documentos/UFRJ/ULAV5/ulav2.vhd Line: 198
Info (12128): Elaborating entity "flags" for hierarchy "flags:flag" File: C:/Users/mferd/OneDrive/Documentos/UFRJ/ULAV5/ulav2.vhd Line: 201
Info (12128): Elaborating entity "mux4_1" for hierarchy "mux4_1:chave2" File: C:/Users/mferd/OneDrive/Documentos/UFRJ/ULAV5/ulav2.vhd Line: 204
Info (12128): Elaborating entity "contador" for hierarchy "contador:conta" File: C:/Users/mferd/OneDrive/Documentos/UFRJ/ULAV5/ulav2.vhd Line: 207
Info (12128): Elaborating entity "decoder" for hierarchy "decoder:saidaX" File: C:/Users/mferd/OneDrive/Documentos/UFRJ/ULAV5/ulav2.vhd Line: 210
Info (286030): Timing-Driven Synthesis is running
Info (16010): Generating hard_block partition "hard_block:auto_generated_inst"
    Info (16011): Adding 0 node(s), including 0 DDIO, 0 PLL, 0 transceiver and 0 LCELL
Info (21057): Implemented 100 device resources after synthesis - the final resource count might be different
    Info (21058): Implemented 9 input pins
    Info (21059): Implemented 29 output pins
    Info (21061): Implemented 62 logic cells
Info: Quartus Prime Analysis & Synthesis was successful. 0 errors, 1 warning
    Info: Peak virtual memory: 4849 megabytes
    Info: Processing ended: Thu Jul 13 21:18:28 2023
    Info: Elapsed time: 00:00:10
    Info: Total CPU time (on all processors): 00:00:08


